<?xml version="1.0" encoding="UTF-8"?>
<!-- Generated by org.testng.reporters.JUnitReportReporter -->
<testsuite skipped="0" hostname="Samsung" name="flipcarttests.orderplacetest" tests="3" failures="0" timestamp="02 Jul 2021 05:29:47 GMT" time="6.714" errors="0">
  <testcase name="compareproducts" time="5.423" classname="flipcarttests.orderplacetest"/>
  <testcase name="compareproduct" time="0.246" classname="flipcarttests.orderplacetest"/>
  <testcase name="Printproductprice" time="1.045" classname="flipcarttests.orderplacetest"/>
</testsuite> <!-- flipcarttests.orderplacetest -->
