<?xml version="1.0" encoding="UTF-8"?>
<!-- Generated by org.testng.reporters.JUnitReportReporter -->
<testsuite skipped="0" hostname="Samsung" name="flipcarttests.openflipcarttest" tests="5" failures="0" timestamp="08 Jul 2021 07:42:16 GMT" time="12.088" errors="0">
  <testcase name="googlesearch" time="0.927" classname="flipcarttests.openflipcarttest"/>
  <testcase name="googlesearchfound" time="0.554" classname="flipcarttests.openflipcarttest"/>
  <testcase name="onflipkartsite" time="7.818" classname="flipcarttests.openflipcarttest"/>
  <testcase name="closeloginwindow" time="0.502" classname="flipcarttests.openflipcarttest"/>
  <testcase name="gotoAppliances" time="2.287" classname="flipcarttests.openflipcarttest"/>
</testsuite> <!-- flipcarttests.openflipcarttest -->
