<?xml version="1.0" encoding="UTF-8"?>
<!-- Generated by org.testng.reporters.JUnitReportReporter -->
<testsuite skipped="0" hostname="Samsung" name="flipcarttests.Compareproducttest" tests="3" failures="0" timestamp="08 Jul 2021 07:42:16 GMT" time="5.249" errors="0">
  <testcase name="compareproducts" time="3.490" classname="flipcarttests.Compareproducttest"/>
  <testcase name="compareproduct" time="0.240" classname="flipcarttests.Compareproducttest"/>
  <testcase name="Printproductprice" time="1.519" classname="flipcarttests.Compareproducttest"/>
</testsuite> <!-- flipcarttests.Compareproducttest -->
